<?xml version="1.0" encoding="UTF-8"?>
<!-- Generated by org.testng.reporters.JUnitXMLReporter -->
<testsuite ignored="0" hostname="LAPTOP-SP4PVLF4" failures="0" tests="5" name="Default test" time="183.619" errors="0" timestamp="2022-12-15T21:02:25 IST">
  <testcase classname="khan_academy.khan_academy" name="signin" time="10.294"/>
  <testcase classname="khan_academy.khan_academy" name="settings" time="6.921"/>
  <testcase classname="khan_academy.khan_academy" name="select_lang" time="5.697"/>
  <testcase classname="khan_academy.khan_academy" name="computing_share" time="79.224"/>
  <testcase classname="khan_academy.khan_academy" name="economics_bookmarks" time="66.196"/>
</testsuite> <!-- Default test -->
