<?xml version="1.0" encoding="UTF-8"?>
<testng-results ignored="0" total="5" passed="5" failed="0" skipped="0">
  <reporter-output>
  </reporter-output>
  <suite started-at="2022-12-15T20:59:21 IST" name="Default suite" finished-at="2022-12-15T21:02:24 IST" duration-ms="183619">
    <groups>
    </groups>
    <test started-at="2022-12-15T20:59:21 IST" name="Default test" finished-at="2022-12-15T21:02:24 IST" duration-ms="183619">
      <class name="khan_academy.khan_academy">
        <test-method is-config="true" signature="BT()[pri:0, instance:khan_academy.khan_academy@41e1e210]" started-at="2022-12-15T20:59:21 IST" name="BT" finished-at="2022-12-15T20:59:36 IST" duration-ms="15082" status="PASS">
          <reporter-output>
          </reporter-output>
        </test-method> <!-- BT -->
        <test-method signature="signin()[pri:1, instance:khan_academy.khan_academy@41e1e210]" started-at="2022-12-15T20:59:36 IST" name="signin" finished-at="2022-12-15T20:59:46 IST" duration-ms="10294" status="PASS">
          <reporter-output>
          </reporter-output>
        </test-method> <!-- signin -->
        <test-method signature="settings()[pri:2, instance:khan_academy.khan_academy@41e1e210]" started-at="2022-12-15T20:59:46 IST" name="settings" finished-at="2022-12-15T20:59:53 IST" duration-ms="6921" status="PASS">
          <reporter-output>
          </reporter-output>
        </test-method> <!-- settings -->
        <test-method signature="select_lang()[pri:3, instance:khan_academy.khan_academy@41e1e210]" started-at="2022-12-15T20:59:53 IST" name="select_lang" finished-at="2022-12-15T20:59:59 IST" duration-ms="5697" status="PASS">
          <reporter-output>
          </reporter-output>
        </test-method> <!-- select_lang -->
        <test-method signature="computing_share()[pri:4, instance:khan_academy.khan_academy@41e1e210]" started-at="2022-12-15T20:59:59 IST" name="computing_share" finished-at="2022-12-15T21:01:18 IST" duration-ms="79224" status="PASS">
          <reporter-output>
          </reporter-output>
        </test-method> <!-- computing_share -->
        <test-method signature="economics_bookmarks()[pri:5, instance:khan_academy.khan_academy@41e1e210]" started-at="2022-12-15T21:01:18 IST" name="economics_bookmarks" finished-at="2022-12-15T21:02:24 IST" duration-ms="66196" status="PASS">
          <reporter-output>
          </reporter-output>
        </test-method> <!-- economics_bookmarks -->
      </class> <!-- khan_academy.khan_academy -->
    </test> <!-- Default test -->
  </suite> <!-- Default suite -->
</testng-results>
